<?xml version="1.0" encoding="UTF-8"?>
<!-- Generated by org.testng.reporters.JUnitReportReporter -->
<testsuite hostname="DESKTOP-JAM393F" failures="0" tests="4" name="api.test.UserTests" time="7.906" errors="0" timestamp="2023-08-23T12:12:43 IST" skipped="0">
  <testcase classname="api.test.UserTests" name="testPostUser" time="3.470"/>
  <system-out/>
  <testcase classname="api.test.UserTests" name="testGetUser" time="1.148"/>
  <system-out/>
  <testcase classname="api.test.UserTests" name="testUpdateUser" time="2.174"/>
  <system-out/>
  <testcase classname="api.test.UserTests" name="testDeletUser" time="1.114"/>
  <system-out/>
</testsuite> <!-- api.test.UserTests -->
