<?xml version="1.0" encoding="UTF-8"?>
<!-- Generated by org.testng.reporters.JUnitReportReporter -->
<testsuite hostname="DESKTOP-JAM393F" failures="0" tests="10" name="api.test.DDtests" time="24.815" errors="0" timestamp="2023-08-23T10:48:25 IST" skipped="0">
  <testcase classname="api.test.DDtests" name="testPostUser" time="3.370"/>
  <system-out/>
  <testcase classname="api.test.DDtests" name="testPostUser" time="1.148"/>
  <system-out/>
  <testcase classname="api.test.DDtests" name="testPostUser" time="1.328"/>
  <system-out/>
  <testcase classname="api.test.DDtests" name="testPostUser" time="2.437"/>
  <system-out/>
  <testcase classname="api.test.DDtests" name="testPostUser" time="2.855"/>
  <system-out/>
  <testcase classname="api.test.DDtests" name="testDeletUser" time="3.837"/>
  <system-out/>
  <testcase classname="api.test.DDtests" name="testDeletUser" time="2.708"/>
  <system-out/>
  <testcase classname="api.test.DDtests" name="testDeletUser" time="1.824"/>
  <system-out/>
  <testcase classname="api.test.DDtests" name="testDeletUser" time="3.182"/>
  <system-out/>
  <testcase classname="api.test.DDtests" name="testDeletUser" time="2.126"/>
  <system-out/>
</testsuite> <!-- api.test.DDtests -->
